2025-07-23 14:33:25,157 - INFO - BTC price: 118618.07
2025-07-23 14:34:25,165 - INFO - Saved data to JSON file
2025-07-23 14:34:25,588 - INFO - Graph created and saved
2025-07-23 14:34:27,407 - INFO - Email with graph and the MAX BTC price sent
2025-07-23 14:35:45,504 - INFO - BTC price: 118627.025
2025-07-23 14:36:45,765 - INFO - BTC price: 118620.685
2025-07-23 14:37:46,042 - INFO - BTC price: 118598.835
2025-07-23 14:38:46,433 - INFO - BTC price: 118635.895
2025-07-23 14:40:50,383 - INFO - BTC price: 118618.925
2025-07-23 14:41:51,632 - INFO - BTC price: 118595.405
2025-07-23 14:42:51,896 - INFO - BTC price: 118647.35
2025-07-23 14:43:52,185 - INFO - BTC price: 118649.995
2025-07-23 14:44:52,452 - INFO - BTC price: 118612.145
2025-07-23 14:45:52,765 - INFO - BTC price: 118614.635
2025-07-23 14:46:52,772 - INFO - Saved data to JSON file
2025-07-23 14:46:53,055 - INFO - Graph created and saved
2025-07-23 14:46:54,969 - INFO - Email with graph and the MAX BTC price sent
2025-07-23 14:51:47,060 - INFO - BTC price: 118580.135
2025-07-23 14:52:47,598 - INFO - BTC price: 118580.665
2025-07-23 14:53:47,861 - INFO - BTC price: 118572.305
2025-07-23 14:54:48,119 - INFO - BTC price: 118572.415
2025-07-23 14:55:48,129 - INFO - Saved data to JSON file
2025-07-23 14:55:48,391 - INFO - Graph created and saved
2025-07-23 14:55:50,415 - INFO - Email with graph and the MAX BTC price sent
2025-07-23 15:00:10,169 - INFO - BTC price: 118588.355
2025-07-23 15:01:10,549 - INFO - BTC price: 118560.215
2025-07-23 15:02:10,856 - INFO - BTC price: 118568.435
2025-07-23 15:03:10,871 - INFO - Saved data to JSON file
2025-07-23 15:03:11,069 - INFO - Graph created and saved
2025-07-23 15:03:13,337 - INFO - Email with graph and the MAX BTC price sent
2025-07-23 15:06:04,436 - INFO - BTC price: 118574.815
2025-07-23 15:07:04,699 - INFO - BTC price: 118546.285
2025-07-23 15:08:04,963 - INFO - BTC price: 118539.085
2025-07-23 15:09:09,413 - INFO - BTC price: 118507.835
2025-07-23 15:10:09,696 - INFO - BTC price: 118493.885
2025-07-23 15:11:10,027 - INFO - BTC price: 118586.03
2025-07-23 15:12:10,401 - INFO - BTC price: 118516.845
2025-07-23 15:13:10,665 - INFO - BTC price: 118638.04
2025-07-23 15:14:10,981 - INFO - BTC price: 118676.915
2025-07-23 15:15:11,266 - INFO - BTC price: 118702.445
2025-07-23 15:16:15,733 - INFO - BTC price: 118663.705
2025-07-23 15:23:21,863 - INFO - BTC price: 118548.145
2025-07-23 15:24:22,106 - INFO - BTC price: 118573.435
2025-07-23 15:49:16,864 - INFO - BTC price: 118365.26
2025-07-23 16:05:38,660 - INFO - BTC price: 118233.51
2025-07-23 16:06:51,422 - INFO - BTC price: 118242.86
2025-07-23 16:14:48,202 - INFO - BTC price: 118193.695
2025-07-23 16:15:48,443 - INFO - BTC price: 118163.04
2025-07-23 16:16:48,740 - INFO - BTC price: 118101.505
2025-07-23 16:17:49,029 - INFO - BTC price: 118082.015
2025-07-23 16:18:49,300 - INFO - BTC price: 117950.005
2025-07-23 16:19:49,621 - INFO - BTC price: 117936.15
2025-07-23 16:21:02,607 - INFO - BTC price: 117992.205
2025-07-23 16:22:03,089 - INFO - BTC price: 118022.995
2025-07-23 16:23:03,376 - INFO - BTC price: 117991.26
2025-07-23 16:24:03,629 - INFO - BTC price: 117994.835
2025-07-23 16:25:04,058 - INFO - BTC price: 118032.395
2025-07-23 16:26:04,418 - INFO - BTC price: 118016.685
2025-07-23 16:27:04,665 - INFO - BTC price: 118002.225
2025-07-23 16:28:04,925 - INFO - BTC price: 118112.915
2025-07-23 16:29:05,198 - INFO - BTC price: 118142.925
2025-07-23 16:30:05,540 - INFO - BTC price: 118142.485
2025-07-23 16:31:05,822 - INFO - BTC price: 117987.695
2025-07-23 16:32:06,112 - INFO - BTC price: 118026.615
2025-07-23 16:33:06,373 - INFO - BTC price: 117940.62
2025-07-23 16:34:06,674 - INFO - BTC price: 117934.905
2025-07-23 16:35:06,996 - INFO - BTC price: 117980.685
2025-07-23 16:36:07,274 - INFO - BTC price: 117929.675
2025-07-23 16:37:07,543 - INFO - BTC price: 117814.695
2025-07-23 16:38:07,833 - INFO - BTC price: 117955.975
2025-07-23 16:39:08,086 - INFO - BTC price: 118065.425
2025-07-23 16:40:08,423 - INFO - BTC price: 117964.93
2025-07-23 16:41:08,810 - INFO - BTC price: 117916.66
2025-07-23 16:42:09,054 - INFO - BTC price: 117766.535
2025-07-23 16:43:09,350 - INFO - BTC price: 117734.26
2025-07-23 16:44:09,604 - INFO - BTC price: 117709.69
2025-07-23 16:45:09,943 - INFO - BTC price: 117766.96
2025-07-23 16:46:10,226 - INFO - BTC price: 117676.975
2025-07-23 16:47:10,509 - INFO - BTC price: 117706.295
2025-07-23 16:48:10,782 - INFO - BTC price: 117567.695
2025-07-23 16:49:11,084 - INFO - BTC price: 117570.245
2025-07-23 16:50:11,413 - INFO - BTC price: 117530.13
2025-07-23 16:51:11,656 - INFO - BTC price: 117414.915
2025-07-23 16:52:12,058 - INFO - BTC price: 117428.825
2025-07-23 16:53:12,433 - INFO - BTC price: 117623.705
2025-07-23 16:54:12,721 - INFO - BTC price: 117630.945
2025-07-23 16:55:13,057 - INFO - BTC price: 117748.745
2025-07-23 16:56:13,323 - INFO - BTC price: 117622.195
2025-07-23 16:57:13,596 - INFO - BTC price: 117444.495
2025-07-23 16:58:13,861 - INFO - BTC price: 117517.83
2025-07-23 16:59:14,122 - INFO - BTC price: 117478.515
2025-07-23 17:00:14,466 - INFO - BTC price: 117443.535
2025-07-23 17:01:14,747 - INFO - BTC price: 117446.55
2025-07-23 17:02:15,014 - INFO - BTC price: 117598.535
2025-07-23 17:03:15,277 - INFO - BTC price: 117737.865
2025-07-23 17:04:15,538 - INFO - BTC price: 117714.49
2025-07-23 17:05:15,844 - INFO - BTC price: 117847.125
2025-07-23 17:06:16,120 - INFO - BTC price: 117879.925
2025-07-23 17:07:16,347 - INFO - BTC price: 117884.935
2025-07-23 17:08:16,630 - INFO - BTC price: 117766.485
2025-07-23 17:09:16,897 - INFO - BTC price: 117901.185
2025-07-23 17:10:17,217 - INFO - BTC price: 117865.825
2025-07-23 17:11:17,804 - INFO - BTC price: 117770.23
2025-07-23 17:12:18,064 - INFO - BTC price: 117842.365
2025-07-23 17:13:18,436 - INFO - BTC price: 117655.705
2025-07-23 17:14:18,673 - INFO - BTC price: 117682.87
2025-07-23 17:15:18,945 - INFO - BTC price: 117752.385
2025-07-23 17:16:19,625 - INFO - BTC price: 117939.475
2025-07-23 17:17:20,257 - INFO - BTC price: 117969.475
2025-07-23 17:18:21,873 - INFO - BTC price: 117997.045
2025-07-23 17:19:25,511 - INFO - BTC price: 117989.45
2025-07-23 17:20:28,196 - INFO - BTC price: 118026.885
2025-07-23 17:21:28,223 - INFO - Saved data to JSON file
2025-07-23 17:21:28,443 - INFO - Graph created and saved
2025-07-23 17:21:30,676 - INFO - Email with graph and the MAX BTC price sent
2025-07-29 21:13:42,679 - INFO - BTC price: 117572.92
2025-07-29 21:14:42,935 - INFO - BTC price: 117563.545
2025-07-29 21:15:43,282 - INFO - BTC price: 117590.955
2025-07-29 21:16:44,995 - INFO - BTC price: 117625.185
2025-07-29 21:17:45,276 - INFO - BTC price: 117584.225
2025-07-29 21:18:45,824 - INFO - BTC price: 117652.52
2025-07-29 21:19:46,346 - INFO - BTC price: 117658.775
2025-07-29 21:20:46,871 - INFO - BTC price: 117640.325
2025-07-29 21:21:47,402 - INFO - BTC price: 117568.435
2025-07-29 21:22:49,134 - INFO - BTC price: 117585.385
2025-07-29 21:23:49,769 - INFO - BTC price: 117516.525
2025-07-29 21:24:50,034 - INFO - BTC price: 117482.14
2025-07-29 21:25:50,439 - INFO - BTC price: 117534.205
2025-07-29 21:26:51,067 - INFO - BTC price: 117562.715
2025-07-29 21:27:51,590 - INFO - BTC price: 117566.115
2025-07-29 21:28:52,104 - INFO - BTC price: 117618.265
2025-07-29 21:29:52,703 - INFO - BTC price: 117664.215
2025-07-29 21:30:53,331 - INFO - BTC price: 117725.915
2025-07-29 21:31:53,950 - INFO - BTC price: 117779.005
2025-07-29 21:32:54,574 - INFO - BTC price: 117784.635
2025-07-29 21:33:54,884 - INFO - BTC price: 117765.715
2025-07-29 21:34:55,512 - INFO - BTC price: 117738.045
2025-07-29 21:35:56,223 - INFO - BTC price: 117699.915
2025-07-29 21:36:56,880 - INFO - BTC price: 117694.72
2025-07-29 21:37:57,470 - INFO - BTC price: 117638.865
2025-07-29 21:38:57,992 - INFO - BTC price: 117774.535
2025-07-29 21:39:58,623 - INFO - BTC price: 117761.555
2025-07-29 21:40:59,187 - INFO - BTC price: 117790.59
2025-07-29 21:41:59,772 - INFO - BTC price: 117751.885
2025-07-29 21:43:00,039 - INFO - BTC price: 117697.055
2025-07-29 21:44:00,588 - INFO - BTC price: 117721.4
2025-07-29 21:45:00,914 - INFO - BTC price: 117717.565
2025-07-29 21:46:01,229 - INFO - BTC price: 117677.455
2025-07-29 21:47:01,809 - INFO - BTC price: 117747.065
2025-07-29 21:48:02,078 - INFO - BTC price: 117695.075
2025-07-29 21:49:02,630 - INFO - BTC price: 117724.435
2025-07-29 21:50:02,901 - INFO - BTC price: 117765.925
2025-07-29 21:51:03,520 - INFO - BTC price: 117745.645
2025-07-29 21:52:04,162 - INFO - BTC price: 117762.185
2025-07-29 21:53:04,454 - INFO - BTC price: 117677.415
2025-07-29 21:54:04,768 - INFO - BTC price: 117653.9
2025-07-29 21:55:05,036 - INFO - BTC price: 117607.485
2025-07-29 21:56:05,605 - INFO - BTC price: 117585.62
2025-07-29 21:57:06,330 - INFO - BTC price: 117561.785
2025-07-29 21:58:06,881 - INFO - BTC price: 117505.495
2025-07-29 21:59:07,157 - INFO - BTC price: 117538.555
2025-07-29 22:00:07,435 - INFO - BTC price: 117587.005
2025-07-29 22:01:07,988 - INFO - BTC price: 117535.265
2025-07-29 22:02:08,394 - INFO - BTC price: 117539.485
2025-07-29 22:03:08,706 - INFO - BTC price: 117551.345
2025-07-29 22:04:09,224 - INFO - BTC price: 117631.395
2025-07-29 22:05:09,886 - INFO - BTC price: 117622.015
2025-07-29 22:06:10,521 - INFO - BTC price: 117702.895
2025-07-29 22:07:11,117 - INFO - BTC price: 117684.185
2025-07-29 22:08:11,731 - INFO - BTC price: 117654.025
2025-07-29 22:09:12,268 - INFO - BTC price: 117642.095
2025-07-29 22:10:12,875 - INFO - BTC price: 117583.555
2025-07-29 22:11:13,199 - INFO - BTC price: 117626.055
2025-07-29 22:12:13,884 - INFO - BTC price: 117632.345
2025-07-29 22:13:14,393 - INFO - BTC price: 117702.635
2025-07-29 22:14:14,426 - INFO - Saved data to JSON file
2025-07-29 22:14:17,210 - INFO - Graph created and saved
2025-07-29 22:14:22,277 - INFO - Email with graph and the MAX BTC price sent
2025-07-29 22:17:35,020 - INFO - BTC price: 117917.805
2025-07-29 22:18:35,268 - INFO - BTC price: 117891.795
2025-07-29 22:19:35,880 - INFO - BTC price: 117872.515
2025-07-29 22:20:36,408 - INFO - BTC price: 117859.885
2025-07-29 22:21:36,904 - INFO - BTC price: 117908.695
2025-07-29 22:22:37,292 - INFO - BTC price: 117752.055
2025-07-29 22:23:37,807 - INFO - BTC price: 117521.545
2025-07-29 22:24:38,320 - INFO - BTC price: 117491.815
2025-07-29 22:25:38,821 - INFO - BTC price: 117491.735
2025-07-29 22:26:39,330 - INFO - BTC price: 117459.125
2025-07-29 22:27:39,908 - INFO - BTC price: 117440.005
2025-07-29 22:28:41,433 - INFO - BTC price: 117391.665
2025-07-29 22:29:43,654 - INFO - BTC price: 117444.495
2025-07-29 22:30:44,165 - INFO - BTC price: 117399.375
2025-07-29 22:31:44,692 - INFO - BTC price: 117435.055
2025-07-29 22:32:45,477 - INFO - BTC price: 117460.87
2025-07-29 22:33:45,979 - INFO - BTC price: 117482.665
2025-07-29 22:34:46,527 - INFO - BTC price: 117470.775
2025-07-29 22:35:46,785 - INFO - BTC price: 117415.955
2025-07-29 22:36:47,287 - INFO - BTC price: 117394.155
2025-07-29 22:37:47,915 - INFO - BTC price: 117404.24
2025-07-29 22:38:48,470 - INFO - BTC price: 117397.68
2025-07-29 22:39:49,011 - INFO - BTC price: 117405.425
2025-07-29 22:40:49,281 - INFO - BTC price: 117483.385
2025-07-29 22:41:49,529 - INFO - BTC price: 117546.275
2025-07-29 22:42:50,158 - INFO - BTC price: 117550.41
2025-07-29 22:43:50,697 - INFO - BTC price: 117502.275
2025-07-29 22:44:51,191 - INFO - BTC price: 117501.975
2025-07-29 22:45:51,423 - INFO - BTC price: 117564.16
2025-07-29 22:46:51,637 - INFO - BTC price: 117627.745
2025-07-29 22:47:51,946 - INFO - BTC price: 117567.135
2025-07-29 22:48:52,185 - INFO - BTC price: 117559.8
2025-07-29 22:49:52,682 - INFO - BTC price: 117594.88
2025-07-29 22:50:53,200 - INFO - BTC price: 117531.535
2025-07-29 22:51:53,697 - INFO - BTC price: 117508.865
2025-07-29 22:52:54,291 - INFO - BTC price: 117494.965
2025-07-29 22:53:54,808 - INFO - BTC price: 117519.98
2025-07-29 22:54:55,005 - INFO - BTC price: 117564.445
2025-07-29 22:55:55,541 - INFO - BTC price: 117533.455
2025-07-29 22:56:55,647 - INFO - BTC price: 117585.86
2025-07-29 22:57:55,831 - INFO - BTC price: 117533.415
2025-07-29 22:58:56,367 - INFO - BTC price: 117584.795
2025-07-29 23:14:12,077 - INFO - BTC price: 117072.525
2025-07-29 23:15:16,321 - INFO - BTC price: 117123.155
2025-07-30 09:24:58,949 - ERROR - Error fetching BTC price: HTTPSConnectionPool(host='api.coinbase.com', port=443): Max retries exceeded with url: /v2/prices/BTC-USD/spot (Caused by NameResolutionError("<urllib3.connection.HTTPSConnection object at 0x0000017751F877F0>: Failed to resolve 'api.coinbase.com' ([Errno 11001] getaddrinfo failed)"))
2025-07-30 09:25:59,005 - ERROR - Error fetching BTC price: HTTPSConnectionPool(host='api.coinbase.com', port=443): Max retries exceeded with url: /v2/prices/BTC-USD/spot (Caused by NameResolutionError("<urllib3.connection.HTTPSConnection object at 0x0000017751FA46A0>: Failed to resolve 'api.coinbase.com' ([Errno 11001] getaddrinfo failed)"))
2025-07-30 09:26:59,021 - ERROR - Error fetching BTC price: HTTPSConnectionPool(host='api.coinbase.com', port=443): Max retries exceeded with url: /v2/prices/BTC-USD/spot (Caused by NameResolutionError("<urllib3.connection.HTTPSConnection object at 0x0000017751FC70A0>: Failed to resolve 'api.coinbase.com' ([Errno 11001] getaddrinfo failed)"))
2025-07-30 09:27:59,032 - ERROR - Error fetching BTC price: HTTPSConnectionPool(host='api.coinbase.com', port=443): Max retries exceeded with url: /v2/prices/BTC-USD/spot (Caused by NameResolutionError("<urllib3.connection.HTTPSConnection object at 0x0000017751FC7A60>: Failed to resolve 'api.coinbase.com' ([Errno 11001] getaddrinfo failed)"))
2025-07-30 09:28:59,064 - ERROR - Error fetching BTC price: HTTPSConnectionPool(host='api.coinbase.com', port=443): Max retries exceeded with url: /v2/prices/BTC-USD/spot (Caused by NameResolutionError("<urllib3.connection.HTTPSConnection object at 0x0000017751FC7940>: Failed to resolve 'api.coinbase.com' ([Errno 11001] getaddrinfo failed)"))
2025-07-30 09:29:59,065 - ERROR - Error fetching BTC price: HTTPSConnectionPool(host='api.coinbase.com', port=443): Max retries exceeded with url: /v2/prices/BTC-USD/spot (Caused by NameResolutionError("<urllib3.connection.HTTPSConnection object at 0x0000017751FA4F10>: Failed to resolve 'api.coinbase.com' ([Errno 11001] getaddrinfo failed)"))
2025-07-30 09:30:59,111 - ERROR - Error fetching BTC price: HTTPSConnectionPool(host='api.coinbase.com', port=443): Max retries exceeded with url: /v2/prices/BTC-USD/spot (Caused by NameResolutionError("<urllib3.connection.HTTPSConnection object at 0x0000017751FA44C0>: Failed to resolve 'api.coinbase.com' ([Errno 11001] getaddrinfo failed)"))
2025-07-30 09:31:59,156 - ERROR - Error fetching BTC price: HTTPSConnectionPool(host='api.coinbase.com', port=443): Max retries exceeded with url: /v2/prices/BTC-USD/spot (Caused by NameResolutionError("<urllib3.connection.HTTPSConnection object at 0x0000017751F87F10>: Failed to resolve 'api.coinbase.com' ([Errno 11001] getaddrinfo failed)"))
2025-07-30 09:32:59,197 - ERROR - Error fetching BTC price: HTTPSConnectionPool(host='api.coinbase.com', port=443): Max retries exceeded with url: /v2/prices/BTC-USD/spot (Caused by NameResolutionError("<urllib3.connection.HTTPSConnection object at 0x0000017751FCE460>: Failed to resolve 'api.coinbase.com' ([Errno 11001] getaddrinfo failed)"))
2025-07-30 09:33:59,235 - ERROR - Error fetching BTC price: HTTPSConnectionPool(host='api.coinbase.com', port=443): Max retries exceeded with url: /v2/prices/BTC-USD/spot (Caused by NameResolutionError("<urllib3.connection.HTTPSConnection object at 0x0000017751FCEE20>: Failed to resolve 'api.coinbase.com' ([Errno 11001] getaddrinfo failed)"))
2025-07-30 09:34:59,258 - ERROR - Error fetching BTC price: HTTPSConnectionPool(host='api.coinbase.com', port=443): Max retries exceeded with url: /v2/prices/BTC-USD/spot (Caused by NameResolutionError("<urllib3.connection.HTTPSConnection object at 0x0000017751F878E0>: Failed to resolve 'api.coinbase.com' ([Errno 11001] getaddrinfo failed)"))
2025-07-30 09:35:59,277 - ERROR - Error fetching BTC price: HTTPSConnectionPool(host='api.coinbase.com', port=443): Max retries exceeded with url: /v2/prices/BTC-USD/spot (Caused by NameResolutionError("<urllib3.connection.HTTPSConnection object at 0x0000017751FA42E0>: Failed to resolve 'api.coinbase.com' ([Errno 11001] getaddrinfo failed)"))
2025-07-30 09:36:59,292 - ERROR - Error fetching BTC price: HTTPSConnectionPool(host='api.coinbase.com', port=443): Max retries exceeded with url: /v2/prices/BTC-USD/spot (Caused by NameResolutionError("<urllib3.connection.HTTPSConnection object at 0x0000017751FA4F10>: Failed to resolve 'api.coinbase.com' ([Errno 11001] getaddrinfo failed)"))
2025-07-30 09:37:59,307 - ERROR - Error fetching BTC price: HTTPSConnectionPool(host='api.coinbase.com', port=443): Max retries exceeded with url: /v2/prices/BTC-USD/spot (Caused by NameResolutionError("<urllib3.connection.HTTPSConnection object at 0x0000017751FCE790>: Failed to resolve 'api.coinbase.com' ([Errno 11001] getaddrinfo failed)"))
2025-07-30 09:38:59,330 - ERROR - Error fetching BTC price: HTTPSConnectionPool(host='api.coinbase.com', port=443): Max retries exceeded with url: /v2/prices/BTC-USD/spot (Caused by NameResolutionError("<urllib3.connection.HTTPSConnection object at 0x0000017751FC7130>: Failed to resolve 'api.coinbase.com' ([Errno 11001] getaddrinfo failed)"))
2025-07-30 09:39:59,345 - ERROR - Error fetching BTC price: HTTPSConnectionPool(host='api.coinbase.com', port=443): Max retries exceeded with url: /v2/prices/BTC-USD/spot (Caused by NameResolutionError("<urllib3.connection.HTTPSConnection object at 0x0000017751FC7FA0>: Failed to resolve 'api.coinbase.com' ([Errno 11001] getaddrinfo failed)"))
2025-07-30 09:40:59,382 - INFO - Saved data to JSON file
2025-07-30 09:41:01,517 - INFO - Graph created and saved
2025-07-30 09:41:01,577 - ERROR - Failed to send email: [Errno 11001] getaddrinfo failed
